<?xml version="1.0" encoding="UTF-8"?>
<testsuite xmlns:xsi="http://www.w3.org/2001/XMLSchema-instance" xsi:noNamespaceSchemaLocation="https://maven.apache.org/surefire/maven-surefire-plugin/xsd/surefire-test-report-3.0.xsd" version="3.0" name="prankmail.SMTPClientTest" time="2.446" tests="1" errors="0" skipped="0" failures="0">
  <properties>
[...]
</properties>
  <testcase name="testSendMessage" classname="prankmail.SMTPClientTest" time="2.424">
    <system-out><![CDATA[Prank launched on group #1 : &amp#27;[92mSuccess!&amp#27;[0m
Prank launched on group #2 : &amp#27;[92mSuccess!&amp#27;[0m
]]></system-out>
  </testcase>
</testsuite>